<?xml version="1.0" encoding="utf-8"?><testsuites name="pytest tests"><testsuite name="pytest" errors="0" failures="0" skipped="0" tests="8" time="11.599" timestamp="2026-08-24T21:43:38.348885+00:00" hostname="agent-env-98a73e6b-bb99-41e6-8575-5237a42b0249"><testcase classname="tests.backend_test" name="test_demo_account" time="0.658" /><testcase classname="tests.backend_test" name="test_transfer_status_rejected" time="0.333" /><testcase classname="tests.backend_test" name="test_ai_explain_rejection" time="3.378" /><testcase classname="tests.backend_test" name="test_ai_explain_status" time="1.893" /><testcase classname="tests.backend_test" name="test_ai_generate_request" time="2.397" /><testcase classname="tests.backend_test" name="test_ai_assistant" time="1.372" /><testcase classname="tests.backend_test" name="test_submit_rejects_when_not_ready" time="0.268" /><testcase classname="tests.backend_test" name="test_fix_then_submit_then_reset" time="0.790" /></testsuite></testsuites>